INFO 2026-01-23 17:29:25,464 autoreload 2284 2788 Watching for file changes with StatReloader
WARNING 2026-01-23 17:29:35,524 log 2284 3748 Not Found: /
WARNING 2026-01-23 17:29:35,527 basehttp 2284 3748 "GET / HTTP/1.1" 404 3459
WARNING 2026-01-23 17:29:35,824 log 2284 3748 Not Found: /favicon.ico
WARNING 2026-01-23 17:29:35,824 basehttp 2284 3748 "GET /favicon.ico HTTP/1.1" 404 3510
INFO 2026-01-23 15:47:15,811 autoreload 33717 140268001776128 Watching for file changes with StatReloader
INFO 2026-01-23 15:47:55,607 autoreload 34226 139675521827328 Watching for file changes with StatReloader
INFO 2026-01-23 15:48:54,677 autoreload 34840 139685497905664 Watching for file changes with StatReloader
INFO 2026-01-23 15:49:25,536 autoreload 35273 139944069775872 Watching for file changes with StatReloader
INFO 2026-01-23 15:50:12,509 autoreload 35795 139863017132544 Watching for file changes with StatReloader
INFO 2026-01-23 15:50:59,640 autoreload 36421 140166679568896 Watching for file changes with StatReloader
INFO 2026-01-23 15:54:23,756 autoreload 38358 140006177575424 Watching for file changes with StatReloader
INFO 2026-01-27 04:32:16,484 autoreload 9537 139901569344000 Watching for file changes with StatReloader
INFO 2026-01-27 04:32:44,254 autoreload 9537 139901569344000 /home/xushnudbek/halol-broker/core/settings.py changed, reloading.
INFO 2026-01-27 04:32:45,166 autoreload 9769 140144692736512 Watching for file changes with StatReloader
INFO 2026-01-27 04:33:06,054 autoreload 9769 140144692736512 /home/xushnudbek/halol-broker/core/settings.py changed, reloading.
INFO 2026-01-27 04:33:07,028 autoreload 9982 140066422211072 Watching for file changes with StatReloader
INFO 2026-01-27 04:33:31,768 autoreload 9982 140066422211072 /home/xushnudbek/halol-broker/common/enums.py changed, reloading.
INFO 2026-01-27 04:33:32,919 autoreload 10190 140030366274048 Watching for file changes with StatReloader
INFO 2026-01-27 04:33:46,672 autoreload 10190 140030366274048 /home/xushnudbek/halol-broker/common/enums.py changed, reloading.
INFO 2026-01-27 04:33:47,660 autoreload 10333 140352313086464 Watching for file changes with StatReloader
INFO 2026-01-27 04:33:55,137 autoreload 10333 140352313086464 /home/xushnudbek/halol-broker/common/enums.py changed, reloading.
INFO 2026-01-27 04:33:56,402 autoreload 10426 140713411359232 Watching for file changes with StatReloader
INFO 2026-01-27 04:34:27,381 autoreload 10426 140713411359232 /home/xushnudbek/halol-broker/common/exceptions.py changed, reloading.
INFO 2026-01-27 04:34:28,437 autoreload 10659 139921459339776 Watching for file changes with StatReloader
INFO 2026-01-27 04:34:39,314 autoreload 10659 139921459339776 /home/xushnudbek/halol-broker/common/exceptions.py changed, reloading.
INFO 2026-01-27 04:34:40,757 autoreload 10779 140034989543936 Watching for file changes with StatReloader
INFO 2026-01-27 04:34:42,257 autoreload 10779 140034989543936 /home/xushnudbek/halol-broker/common/exceptions.py changed, reloading.
INFO 2026-01-27 04:34:43,693 autoreload 10820 139977240957440 Watching for file changes with StatReloader
INFO 2026-01-27 04:35:45,772 autoreload 11384 140076873998848 Watching for file changes with StatReloader
INFO 2026-01-27 04:36:08,235 autoreload 11384 140076873998848 /home/xushnudbek/halol-broker/trading/hooks/flutter_hooks.py changed, reloading.
INFO 2026-01-27 04:36:09,997 autoreload 11580 140007263339008 Watching for file changes with StatReloader
INFO 2026-01-27 04:36:28,794 autoreload 11580 140007263339008 /home/xushnudbek/halol-broker/trading/hooks/flutter_hooks.py changed, reloading.
INFO 2026-01-27 04:36:30,344 autoreload 11790 139798116905472 Watching for file changes with StatReloader
INFO 2026-01-27 04:36:54,111 autoreload 11790 139798116905472 /home/xushnudbek/halol-broker/market/serializers/__init__.py changed, reloading.
INFO 2026-01-27 04:36:55,270 autoreload 12006 139996315767296 Watching for file changes with StatReloader
INFO 2026-01-27 04:37:11,051 autoreload 12006 139996315767296 /home/xushnudbek/halol-broker/market/serializers/__init__.py changed, reloading.
INFO 2026-01-27 04:37:12,420 autoreload 12213 140526008697344 Watching for file changes with StatReloader
INFO 2026-01-28 06:34:21,927 autoreload 30636 139624751141376 Watching for file changes with StatReloader
WARNING 2026-01-28 06:34:30,334 log 30636 139624631494336 Not Found: /
WARNING 2026-01-28 06:34:30,335 basehttp 30636 139624631494336 "GET / HTTP/1.1" 404 3766
INFO 2026-01-28 06:34:48,638 basehttp 30636 139624631494336 "GET /api/market/ HTTP/1.1" 200 9647
INFO 2026-01-28 06:34:48,700 basehttp 30636 139624631494336 "POST /api/market/prices/ HTTP/1.1" 200 634
INFO 2026-01-28 06:34:53,711 basehttp 30636 139624631494336 "POST /api/market/prices/ HTTP/1.1" 200 634
INFO 2026-01-28 06:34:58,709 basehttp 30636 139624631494336 "POST /api/market/prices/ HTTP/1.1" 200 634
INFO 2026-01-28 06:35:03,711 basehttp 30636 139624631494336 "POST /api/market/prices/ HTTP/1.1" 200 634
INFO 2026-01-28 06:35:05,941 basehttp 30636 139624631494336 "POST /api/market/prices/ HTTP/1.1" 200 634
INFO 2026-01-28 06:35:08,716 basehttp 30636 139624631494336 "POST /api/market/prices/ HTTP/1.1" 200 634
INFO 2026-01-28 06:35:13,703 basehttp 30636 139624631494336 "POST /api/market/prices/ HTTP/1.1" 200 634
INFO 2026-01-28 06:35:18,713 basehttp 30636 139624631494336 "POST /api/market/prices/ HTTP/1.1" 200 634
INFO 2026-01-28 06:35:23,713 basehttp 30636 139624631494336 "POST /api/market/prices/ HTTP/1.1" 200 634
INFO 2026-01-28 06:35:28,714 basehttp 30636 139624631494336 "POST /api/market/prices/ HTTP/1.1" 200 634
WARNING 2026-01-28 06:35:33,703 log 30636 139624631494336 Too Many Requests: /api/market/prices/
WARNING 2026-01-28 06:35:33,706 basehttp 30636 139624631494336 "POST /api/market/prices/ HTTP/1.1" 429 69
WARNING 2026-01-28 06:35:38,707 log 30636 139624631494336 Too Many Requests: /api/market/prices/
WARNING 2026-01-28 06:35:38,721 basehttp 30636 139624631494336 "POST /api/market/prices/ HTTP/1.1" 429 69
INFO 2026-01-29 07:34:11,822 autoreload 19749 140582410916352 Watching for file changes with StatReloader
WARNING 2026-01-29 07:34:22,408 log 19749 140582291760832 Not Found: /
WARNING 2026-01-29 07:34:22,410 basehttp 19749 140582291760832 "GET / HTTP/1.1" 404 3766
WARNING 2026-01-29 07:34:22,534 log 19749 140582291760832 Not Found: /favicon.ico
WARNING 2026-01-29 07:34:22,535 basehttp 19749 140582291760832 "GET /favicon.ico HTTP/1.1" 404 3817
INFO 2026-01-29 07:34:39,319 basehttp 19749 140582291760832 "GET /api/market/ HTTP/1.1" 200 9647
INFO 2026-01-29 07:34:42,284 basehttp 19749 140582291760832 "POST /api/market/prices/ HTTP/1.1" 200 634
INFO 2026-01-29 07:34:44,358 basehttp 19749 140582291760832 "POST /api/market/prices/ HTTP/1.1" 200 634
INFO 2026-01-29 07:34:49,355 basehttp 19749 140582291760832 "POST /api/market/prices/ HTTP/1.1" 200 634
INFO 2026-01-29 07:34:54,356 basehttp 19749 140582291760832 "POST /api/market/prices/ HTTP/1.1" 200 634
INFO 2026-01-29 07:34:59,368 basehttp 19749 140582291760832 "POST /api/market/prices/ HTTP/1.1" 200 634
INFO 2026-01-29 07:35:04,358 basehttp 19749 140582291760832 "POST /api/market/prices/ HTTP/1.1" 200 634
INFO 2026-01-29 07:35:05,923 basehttp 19749 140582291760832 "POST /api/market/prices/ HTTP/1.1" 200 634
INFO 2026-01-29 07:35:07,394 basehttp 19749 140582291760832 "POST /api/market/prices/ HTTP/1.1" 200 634
INFO 2026-01-29 07:35:09,361 basehttp 19749 140582291760832 "POST /api/market/prices/ HTTP/1.1" 200 634
INFO 2026-01-30 02:31:07,934 autoreload 8089 139706199785984 Watching for file changes with StatReloader
INFO 2026-01-30 02:32:33,878 autoreload 8089 139706199785984 /home/xushnudbek/halol-broker/market/serializers/__init__.py changed, reloading.
INFO 2026-01-30 02:32:35,859 autoreload 8694 140558984544768 Watching for file changes with StatReloader
INFO 2026-01-30 02:33:21,010 autoreload 9467 139951268979200 Watching for file changes with StatReloader
WARNING 2026-01-30 02:33:31,558 log 9467 139951149672128 Not Found: /
WARNING 2026-01-30 02:33:31,559 basehttp 9467 139951149672128 "GET / HTTP/1.1" 404 3766
WARNING 2026-01-30 02:33:31,673 log 9467 139951149672128 Not Found: /favicon.ico
WARNING 2026-01-30 02:33:31,675 basehttp 9467 139951149672128 "GET /favicon.ico HTTP/1.1" 404 3817
INFO 2026-01-30 02:33:41,420 basehttp 9467 139951149672128 "GET /api/market/ HTTP/1.1" 200 9647
INFO 2026-01-30 02:33:41,453 basehttp 9467 139951149672128 "POST /api/market/prices/ HTTP/1.1" 200 634
INFO 2026-01-30 02:33:46,450 basehttp 9467 139951149672128 "POST /api/market/prices/ HTTP/1.1" 200 634
INFO 2026-01-30 02:33:48,708 basehttp 9467 139951149672128 "POST /api/market/prices/ HTTP/1.1" 200 634
INFO 2026-01-30 02:33:51,451 basehttp 9467 139951149672128 "POST /api/market/prices/ HTTP/1.1" 200 634
INFO 2026-01-30 02:34:47,029 basehttp 9467 139951149672128 "GET /api/market/ HTTP/1.1" 200 9647
INFO 2026-01-30 02:34:47,088 basehttp 9467 139951149672128 "POST /api/market/prices/ HTTP/1.1" 200 634
INFO 2026-01-30 02:34:52,087 basehttp 9467 139951149672128 "POST /api/market/prices/ HTTP/1.1" 200 634
INFO 2026-01-30 02:34:57,083 basehttp 9467 139951149672128 "POST /api/market/prices/ HTTP/1.1" 200 634
INFO 2026-01-30 02:35:02,097 basehttp 9467 139951149672128 "POST /api/market/prices/ HTTP/1.1" 200 634
INFO 2026-01-30 02:35:07,100 basehttp 9467 139951149672128 "POST /api/market/prices/ HTTP/1.1" 200 634
INFO 2026-01-30 02:35:12,094 basehttp 9467 139951149672128 "POST /api/market/prices/ HTTP/1.1" 200 634
INFO 2026-01-30 02:35:17,089 basehttp 9467 139951149672128 "POST /api/market/prices/ HTTP/1.1" 200 634
INFO 2026-01-30 02:35:22,093 basehttp 9467 139951149672128 "POST /api/market/prices/ HTTP/1.1" 200 634
INFO 2026-01-30 02:35:27,093 basehttp 9467 139951149672128 "POST /api/market/prices/ HTTP/1.1" 200 634
INFO 2026-01-30 02:35:32,086 basehttp 9467 139951149672128 "POST /api/market/prices/ HTTP/1.1" 200 634
WARNING 2026-01-30 02:35:37,086 log 9467 139951149672128 Too Many Requests: /api/market/prices/
WARNING 2026-01-30 02:35:37,092 basehttp 9467 139951149672128 "POST /api/market/prices/ HTTP/1.1" 429 69
WARNING 2026-01-30 02:35:42,086 log 9467 139951149672128 Too Many Requests: /api/market/prices/
WARNING 2026-01-30 02:35:42,091 basehttp 9467 139951149672128 "POST /api/market/prices/ HTTP/1.1" 429 68
INFO 2026-01-30 02:35:44,538 autoreload 9467 139951268979200 /home/xushnudbek/halol-broker/market/urls.py changed, reloading.
INFO 2026-01-30 02:35:45,752 autoreload 10851 140419995570688 Watching for file changes with StatReloader
INFO 2026-01-30 02:35:52,092 basehttp 10851 140419875727040 "POST /api/market/prices/ HTTP/1.1" 200 634
INFO 2026-01-30 02:35:57,086 basehttp 10851 140419875727040 "POST /api/market/prices/ HTTP/1.1" 200 634
INFO 2026-01-30 02:36:02,089 basehttp 10851 140419875727040 "POST /api/market/prices/ HTTP/1.1" 200 634
INFO 2026-01-30 02:36:07,093 basehttp 10851 140419875727040 "POST /api/market/prices/ HTTP/1.1" 200 634
INFO 2026-01-30 02:36:12,090 basehttp 10851 140419875727040 "POST /api/market/prices/ HTTP/1.1" 200 634
INFO 2026-01-30 02:36:17,097 basehttp 10851 140419875727040 "POST /api/market/prices/ HTTP/1.1" 200 634
INFO 2026-01-30 02:36:25,356 autoreload 11336 140106015777280 Watching for file changes with StatReloader
WARNING 2026-01-30 02:36:29,037 log 11336 140105896421056 Not Found: /
WARNING 2026-01-30 02:36:29,039 basehttp 11336 140105896421056 "GET / HTTP/1.1" 404 3766
WARNING 2026-01-30 02:36:32,001 log 11336 140105896421056 Not Found: /
WARNING 2026-01-30 02:36:32,002 basehttp 11336 140105896421056 "GET / HTTP/1.1" 404 3766
WARNING 2026-01-30 02:36:32,126 log 11336 140105896421056 Not Found: /
WARNING 2026-01-30 02:36:32,128 basehttp 11336 140105896421056 "GET / HTTP/1.1" 404 3766
WARNING 2026-01-30 02:36:32,275 log 11336 140105896421056 Not Found: /
WARNING 2026-01-30 02:36:32,276 basehttp 11336 140105896421056 "GET / HTTP/1.1" 404 3766
WARNING 2026-01-30 02:36:32,434 log 11336 140105896421056 Not Found: /
WARNING 2026-01-30 02:36:32,436 basehttp 11336 140105896421056 "GET / HTTP/1.1" 404 3766
WARNING 2026-01-30 02:36:32,544 log 11336 140105896421056 Not Found: /
WARNING 2026-01-30 02:36:32,545 basehttp 11336 140105896421056 "GET / HTTP/1.1" 404 3766
WARNING 2026-01-30 02:36:32,724 log 11336 140105896421056 Not Found: /
WARNING 2026-01-30 02:36:32,725 basehttp 11336 140105896421056 "GET / HTTP/1.1" 404 3766
WARNING 2026-01-30 02:36:42,570 log 11336 140105896421056 Bad Request: /api/market/
WARNING 2026-01-30 02:36:42,571 basehttp 11336 140105896421056 "GET /api/market/ HTTP/1.1" 400 7077
INFO 2026-01-30 02:36:42,634 basehttp 11336 140105888028352 "GET /static/rest_framework/css/bootstrap-tweaks.css HTTP/1.1" 200 3426
INFO 2026-01-30 02:36:42,636 basehttp 11336 140105515787968 "GET /static/rest_framework/js/ajax-form.js HTTP/1.1" 200 3796
INFO 2026-01-30 02:36:42,638 basehttp 11336 140105878587072 "GET /static/rest_framework/css/prettify.css HTTP/1.1" 200 817
INFO 2026-01-30 02:36:42,638 basehttp 11336 140105870194368 "GET /static/rest_framework/css/default.css HTTP/1.1" 200 1152
INFO 2026-01-30 02:36:42,641 basehttp 11336 140105896421056 "GET /static/rest_framework/css/bootstrap.min.css HTTP/1.1" 200 121457
INFO 2026-01-30 02:36:42,641 basehttp 11336 140105524180672 "GET /static/rest_framework/js/jquery-3.7.1.min.js HTTP/1.1" 200 87533
INFO 2026-01-30 02:36:42,655 basehttp 11336 140105888028352 "GET /static/rest_framework/js/csrf.js HTTP/1.1" 200 1793
INFO 2026-01-30 02:36:42,661 basehttp 11336 140105896421056 "GET /static/rest_framework/js/load-ajax-form.js HTTP/1.1" 200 59
INFO 2026-01-30 02:36:42,662 basehttp 11336 140105870194368 "GET /static/rest_framework/js/bootstrap.min.js HTTP/1.1" 200 39680
INFO 2026-01-30 02:36:42,663 basehttp 11336 140105515787968 "GET /static/rest_framework/js/default.js HTTP/1.1" 200 1268
INFO 2026-01-30 02:36:42,666 basehttp 11336 140105878587072 "GET /static/rest_framework/js/prettify-min.js HTTP/1.1" 200 13632
INFO 2026-01-30 02:36:42,679 basehttp 11336 140105524180672 "GET /static/rest_framework/img/grid.png HTTP/1.1" 200 1458
WARNING 2026-01-30 02:37:08,142 log 11336 140105524180672 Bad Request: /api/market/
WARNING 2026-01-30 02:37:08,143 basehttp 11336 140105524180672 "GET /api/market/ HTTP/1.1" 400 7077
WARNING 2026-01-30 02:37:09,486 log 11336 140105524180672 Bad Request: /api/market/
WARNING 2026-01-30 02:37:09,489 basehttp 11336 140105524180672 "GET /api/market/ HTTP/1.1" 400 7077
INFO 2026-01-30 02:37:11,709 basehttp 11336 140105524180672 "OPTIONS /api/market/ HTTP/1.1" 200 7527
WARNING 2026-01-30 02:37:22,172 log 11336 140105524180672 Bad Request: /api/market/
WARNING 2026-01-30 02:37:22,173 basehttp 11336 140105524180672 "POST /api/market/ HTTP/1.1" 400 7111
INFO 2026-01-30 02:38:20,395 autoreload 11336 140106015777280 /home/xushnudbek/halol-broker/market/urls.py changed, reloading.
INFO 2026-01-30 02:38:21,729 autoreload 12310 140181800661504 Watching for file changes with StatReloader
WARNING 2026-01-30 02:38:29,446 log 12310 140181681202880 Bad Request: /api/market/
WARNING 2026-01-30 02:38:29,447 basehttp 12310 140181681202880 "GET /api/market/ HTTP/1.1" 400 7077
